# JRE version: OpenJDK Runtime Environment (8.0_252-b09) (build 1.8.0_252-8u252-b09-1~18.04-b09)
# Java VM: OpenJDK 64-Bit Server VM (25.252-b09 mixed mode linux-amd64 compressed oops)
Heap:
 PSYoungGen      total 298496K, used 193797K [0x00000000eb300000, 0x0000000100000000, 0x0000000100000000)
  eden space 256000K, 75% used [0x00000000eb300000,0x00000000f70416c0,0x00000000fad00000)
  from space 42496K, 0% used [0x00000000fd680000,0x00000000fd680000,0x0000000100000000)
  to   space 42496K, 0% used [0x00000000fad00000,0x00000000fad00000,0x00000000fd680000)
 ParOldGen       total 683008K, used 35633K [0x00000000c1800000, 0x00000000eb300000, 0x00000000eb300000)
  object space 683008K, 5% used [0x00000000c1800000,0x00000000c3acc5a0,0x00000000eb300000)
 Metaspace       used 28993K, capacity 29496K, committed 29696K, reserved 1075200K
  class space    used 3890K, capacity 4046K, committed 4096K, reserved 1048576K
GC Heap History (6 events):
Event: 3.266 GC heap before
{Heap before GC invocations=1 (full 0):
 PSYoungGen      total 298496K, used 256000K [0x00000000eb300000, 0x0000000100000000, 0x0000000100000000)
  eden space 256000K, 100% used [0x00000000eb300000,0x00000000fad00000,0x00000000fad00000)
  from space 42496K, 0% used [0x00000000fd680000,0x00000000fd680000,0x0000000100000000)
  to   space 42496K, 0% used [0x00000000fad00000,0x00000000fad00000,0x00000000fd680000)
 ParOldGen       total 683008K, used 0K [0x00000000c1800000, 0x00000000eb300000, 0x00000000eb300000)
  object space 683008K, 0% used [0x00000000c1800000,0x00000000c1800000,0x00000000eb300000)
 Metaspace       used 12671K, capacity 12904K, committed 13184K, reserved 1060864K
  class space    used 1513K, capacity 1608K, committed 1664K, reserved 1048576K
Event: 3.278 GC heap after
Heap after GC invocations=1 (full 0):
 PSYoungGen      total 298496K, used 18293K [0x00000000eb300000, 0x0000000100000000, 0x0000000100000000)
  eden space 256000K, 0% used [0x00000000eb300000,0x00000000eb300000,0x00000000fad00000)
  from space 42496K, 43% used [0x00000000fad00000,0x00000000fbedd740,0x00000000fd680000)
  to   space 42496K, 0% used [0x00000000fd680000,0x00000000fd680000,0x0000000100000000)
 ParOldGen       total 683008K, used 80K [0x00000000c1800000, 0x00000000eb300000, 0x00000000eb300000)
  object space 683008K, 0% used [0x00000000c1800000,0x00000000c1814010,0x00000000eb300000)
 Metaspace       used 12671K, capacity 12904K, committed 13184K, reserved 1060864K
  class space    used 1513K, capacity 1608K, committed 1664K, reserved 1048576K
}
Event: 4.096 GC heap before
{Heap before GC invocations=2 (full 0):
 PSYoungGen      total 298496K, used 188181K [0x00000000eb300000, 0x0000000100000000, 0x0000000100000000)
  eden space 256000K, 66% used [0x00000000eb300000,0x00000000f58e80a0,0x00000000fad00000)
  from space 42496K, 43% used [0x00000000fad00000,0x00000000fbedd740,0x00000000fd680000)
  to   space 42496K, 0% used [0x00000000fd680000,0x00000000fd680000,0x0000000100000000)
 ParOldGen       total 683008K, used 80K [0x00000000c1800000, 0x00000000eb300000, 0x00000000eb300000)
  object space 683008K, 0% used [0x00000000c1800000,0x00000000c1814010,0x00000000eb300000)
 Metaspace       used 20974K, capacity 21134K, committed 21248K, reserved 1067008K
  class space    used 2728K, capacity 2793K, committed 2816K, reserved 1048576K
Event: 4.117 GC heap after
Heap after GC invocations=2 (full 0):
 PSYoungGen      total 298496K, used 36306K [0x00000000eb300000, 0x0000000100000000, 0x0000000100000000)
  eden space 256000K, 0% used [0x00000000eb300000,0x00000000eb300000,0x00000000fad00000)
  from space 42496K, 85% used [0x00000000fd680000,0x00000000ff9f4be8,0x0000000100000000)
  to   space 42496K, 0% used [0x00000000fad00000,0x00000000fad00000,0x00000000fd680000)
 ParOldGen       total 683008K, used 88K [0x00000000c1800000, 0x00000000eb300000, 0x00000000eb300000)
  object space 683008K, 0% used [0x00000000c1800000,0x00000000c1816010,0x00000000eb300000)
 Metaspace       used 20974K, capacity 21134K, committed 21248K, reserved 1067008K
  class space    used 2728K, capacity 2793K, committed 2816K, reserved 1048576K
}
Event: 4.117 GC heap before
{Heap before GC invocations=3 (full 1):
 PSYoungGen      total 298496K, used 36306K [0x00000000eb300000, 0x0000000100000000, 0x0000000100000000)
  eden space 256000K, 0% used [0x00000000eb300000,0x00000000eb300000,0x00000000fad00000)
  from space 42496K, 85% used [0x00000000fd680000,0x00000000ff9f4be8,0x0000000100000000)
  to   space 42496K, 0% used [0x00000000fad00000,0x00000000fad00000,0x00000000fd680000)
 ParOldGen       total 683008K, used 88K [0x00000000c1800000, 0x00000000eb300000, 0x00000000eb300000)
  object space 683008K, 0% used [0x00000000c1800000,0x00000000c1816010,0x00000000eb300000)
 Metaspace       used 20974K, capacity 21134K, committed 21248K, reserved 1067008K
  class space    used 2728K, capacity 2793K, committed 2816K, reserved 1048576K
Event: 4.194 GC heap after
Heap after GC invocations=3 (full 1):
 PSYoungGen      total 298496K, used 0K [0x00000000eb300000, 0x0000000100000000, 0x0000000100000000)
  eden space 256000K, 0% used [0x00000000eb300000,0x00000000eb300000,0x00000000fad00000)
  from space 42496K, 0% used [0x00000000fd680000,0x00000000fd680000,0x0000000100000000)
  to   space 42496K, 0% used [0x00000000fad00000,0x00000000fad00000,0x00000000fd680000)
 ParOldGen       total 683008K, used 35633K [0x00000000c1800000, 0x00000000eb300000, 0x00000000eb300000)
  object space 683008K, 5% used [0x00000000c1800000,0x00000000c3acc5a0,0x00000000eb300000)
 Metaspace       used 20974K, capacity 21134K, committed 21248K, reserved 1067008K
  class space    used 2728K, capacity 2793K, committed 2816K, reserved 1048576K
}

